<?xml version="1.0" encoding="UTF-8"?>
<!-- Generated by org.testng.reporters.JUnitXMLReporter -->
<testsuite ignored="0" hostname="DESKTOP-RR7VQ41" failures="0" tests="4" name="Test" time="0.052" errors="0" timestamp="2022-12-10T23:56:15 GMT-08:00">
  <testcase classname="jenkins.test4" name="tc1" time="0.008"/>
  <testcase classname="jenkins.test1" name="tc1" time="0.001"/>
  <testcase classname="jenkins.test2" name="tc1" time="0.002"/>
  <testcase classname="jenkins.test3" name="tc1" time="0.001"/>
</testsuite> <!-- Test -->
