<?xml version="1.0" encoding="UTF-8"?>
<testng-results ignored="0" total="4" passed="4" failed="0" skipped="0">
  <reporter-output>
    <line>
      <![CDATA[hello seleniumpython]]>
    </line>
    <line>
      <![CDATA[hello java]]>
    </line>
    <line>
      <![CDATA[hello selenium]]>
    </line>
    <line>
      <![CDATA[hello python]]>
    </line>
  </reporter-output>
  <suite started-at="2022-12-10T23:56:15 GMT-08:00" name="Suite" finished-at="2022-12-10T23:56:15 GMT-08:00" duration-ms="52">
    <groups>
    </groups>
    <test started-at="2022-12-10T23:56:15 GMT-08:00" name="Test" finished-at="2022-12-10T23:56:15 GMT-08:00" duration-ms="52">
      <class name="jenkins.test4">
        <test-method signature="tc1()[pri:0, instance:jenkins.test4@20f5239f]" started-at="2022-12-10T23:56:15 GMT-08:00" name="tc1" finished-at="2022-12-10T23:56:15 GMT-08:00" duration-ms="8" status="PASS">
          <reporter-output>
            <line>
              <![CDATA[hello seleniumpython]]>
            </line>
          </reporter-output>
        </test-method> <!-- tc1 -->
      </class> <!-- jenkins.test4 -->
      <class name="jenkins.test2">
        <test-method signature="tc1()[pri:0, instance:jenkins.test2@73700b80]" started-at="2022-12-10T23:56:15 GMT-08:00" name="tc1" finished-at="2022-12-10T23:56:15 GMT-08:00" duration-ms="2" status="PASS">
          <reporter-output>
            <line>
              <![CDATA[hello selenium]]>
            </line>
          </reporter-output>
        </test-method> <!-- tc1 -->
      </class> <!-- jenkins.test2 -->
      <class name="jenkins.test3">
        <test-method signature="tc1()[pri:0, instance:jenkins.test3@49c7b90e]" started-at="2022-12-10T23:56:15 GMT-08:00" name="tc1" finished-at="2022-12-10T23:56:15 GMT-08:00" duration-ms="1" status="PASS">
          <reporter-output>
            <line>
              <![CDATA[hello python]]>
            </line>
          </reporter-output>
        </test-method> <!-- tc1 -->
      </class> <!-- jenkins.test3 -->
      <class name="jenkins.test1">
        <test-method signature="tc1()[pri:0, instance:jenkins.test1@6f46426d]" started-at="2022-12-10T23:56:15 GMT-08:00" name="tc1" finished-at="2022-12-10T23:56:15 GMT-08:00" duration-ms="1" status="PASS">
          <reporter-output>
            <line>
              <![CDATA[hello java]]>
            </line>
          </reporter-output>
        </test-method> <!-- tc1 -->
      </class> <!-- jenkins.test1 -->
    </test> <!-- Test -->
  </suite> <!-- Suite -->
</testng-results>
